八月 11, 2013 8:31:42 上午 org.apache.tomcat.util.http.Parameters processParameters
INFO: Invalid chunk starting at byte [0] and ending at byte [0] with a value of [null] ignored
八月 11, 2013 8:31:45 上午 org.apache.tomcat.util.http.Parameters processParameters
INFO: Invalid chunk starting at byte [0] and ending at byte [0] with a value of [null] ignored
八月 11, 2013 8:34:29 上午 org.apache.tomcat.util.http.Parameters processParameters
INFO: Invalid chunk starting at byte [0] and ending at byte [0] with a value of [null] ignored
八月 11, 2013 10:48:01 上午 org.apache.catalina.startup.Embedded initDirs
SEVERE: Cannot find specified temporary folder at F:\eric\workspace\proj\quick\instance\temp
八月 11, 2013 10:48:02 上午 org.apache.catalina.core.AprLifecycleListener init
INFO: The APR based Apache Tomcat Native library which allows optimal performance in production environments was not found on the java.library.path: C:\jdk\bin;C:\Windows\Sun\Java\bin;C:\Windows\system32;C:\Windows;C:/Program Files/Java/jre6/bin/client;C:/Program Files/Java/jre6/bin;C:/Program Files/Java/jre6/lib/i386;D:\oracle\product\10.2.0\db_1\BIN;C:\Program Files\Common Files\NetSarang;C:\Windows\system32;C:\Windows;C:\Windows\System32\Wbem;C:\Windows\System32\WindowsPowerShell\v1.0\;F:\Windows7Master;C:\Program Files\Common Files\Ulead Systems\MPEG;C:\Program Files\QuickTime\QTSystem\;f:\eric\apache-ant-1.8.4\bin;C:\Program Files\OpenVPN\bin;D:\Program Files\ALTRun;;.
八月 11, 2013 10:48:03 上午 org.apache.coyote.http11.Http11Protocol init
INFO: Initializing Coyote HTTP/1.1 on http-8081
八月 11, 2013 10:48:03 上午 org.apache.catalina.startup.Catalina load
INFO: Initialization processed in 2412 ms
八月 11, 2013 10:48:04 上午 org.apache.catalina.core.StandardService start
INFO: Starting service Catalina
八月 11, 2013 10:48:04 上午 org.apache.catalina.core.StandardEngine start
INFO: Starting Servlet Engine: Apache Tomcat/6.0.35
八月 11, 2013 10:48:04 上午 org.apache.catalina.startup.HostConfig deployDescriptor
INFO: Deploying configuration descriptor hospital.xml
八月 11, 2013 10:48:04 上午 org.apache.catalina.loader.WebappClassLoader validateJarFile
INFO: validateJarFile(F:\eric\workspace\proj\quick\WEBCONTENT\WEB-INF\lib\geronimo-servlet_3.0_spec-1.0.jar) - jar not loaded. See Servlet Spec 2.3, section 9.7.2. Offending class: javax/servlet/Servlet.class
八月 11, 2013 10:48:09 上午 org.apache.cxf.bus.spring.OldSpringSupport logWarning
WARNING: Import of META-INF/cxf/cxf-extension-soap.xml has been deprecated and is unnecessary.
八月 11, 2013 10:48:10 上午 org.apache.cxf.service.factory.ReflectionServiceFactoryBean buildServiceFromClass
INFO: Creating Service {http://sample.ws.microwill.com/}HospitalServiceService from class com.microwill.ws.sample.IHospitalService
八月 11, 2013 10:48:12 上午 org.apache.cxf.endpoint.ServerImpl initDestination
INFO: Setting the server's publish address to be /queryForList
八月 11, 2013 10:48:13 上午 org.apache.cxf.service.factory.ReflectionServiceFactoryBean buildServiceFromWSDL
INFO: Creating Service {http://docs.oasis-open.org/ws-dd/ns/discovery/2009/01}Discovery from WSDL: classpath:/org/apache/cxf/ws/discovery/wsdl/wsdd-discovery-1.1-wsdl-os.wsdl
八月 11, 2013 10:48:14 上午 org.apache.cxf.endpoint.ServerImpl initDestination
INFO: Setting the server's publish address to be soap.udp://239.255.255.250:3702
八月 11, 2013 10:48:15 上午 org.apache.cxf.service.factory.ReflectionServiceFactoryBean buildServiceFromClass
INFO: Creating Service {http://docs.oasis-open.org/ws-dd/ns/discovery/2009/01}DiscoveryProxy from class org.apache.cxf.jaxws.support.DummyImpl
八月 11, 2013 10:48:16 上午 org.apache.coyote.http11.Http11Protocol start
INFO: Starting Coyote HTTP/1.1 on http-8081
八月 11, 2013 10:48:17 上午 org.apache.jk.common.ChannelSocket init
INFO: JK: ajp13 listening on /0.0.0.0:8009
八月 11, 2013 10:48:17 上午 org.apache.jk.server.JkMain start
INFO: Jk running ID=0 time=0/89  config=null
八月 11, 2013 10:48:17 上午 org.apache.catalina.startup.Catalina start
INFO: Server startup in 13083 ms
八月 11, 2013 11:13:48 上午 org.apache.tomcat.util.http.Parameters processParameters
INFO: Invalid chunk starting at byte [0] and ending at byte [0] with a value of [null] ignored
八月 11, 2013 11:14:19 上午 org.apache.tomcat.util.http.Parameters processParameters
INFO: Invalid chunk starting at byte [0] and ending at byte [0] with a value of [null] ignored
八月 11, 2013 11:14:23 上午 org.apache.tomcat.util.http.Parameters processParameters
INFO: Invalid chunk starting at byte [0] and ending at byte [0] with a value of [null] ignored
八月 11, 2013 11:14:24 上午 org.apache.tomcat.util.http.Parameters processParameters
INFO: Invalid chunk starting at byte [0] and ending at byte [0] with a value of [null] ignored
八月 11, 2013 11:14:29 上午 org.apache.tomcat.util.http.Parameters processParameters
INFO: Invalid chunk starting at byte [0] and ending at byte [0] with a value of [null] ignored
八月 11, 2013 11:26:23 上午 org.apache.tomcat.util.http.Parameters processParameters
INFO: Invalid chunk starting at byte [0] and ending at byte [0] with a value of [null] ignored
八月 11, 2013 3:54:54 下午 org.apache.catalina.startup.Embedded initDirs
SEVERE: Cannot find specified temporary folder at F:\eric\workspace\proj\WebDevs\WebDev\instance\temp
八月 11, 2013 3:54:55 下午 org.apache.catalina.core.AprLifecycleListener init
INFO: The APR based Apache Tomcat Native library which allows optimal performance in production environments was not found on the java.library.path: C:\jdk\bin;C:\Windows\Sun\Java\bin;C:\Windows\system32;C:\Windows;C:/Program Files/Java/jre6/bin/client;C:/Program Files/Java/jre6/bin;C:/Program Files/Java/jre6/lib/i386;D:\oracle\product\10.2.0\db_1\BIN;C:\Program Files\Common Files\NetSarang;C:\Windows\system32;C:\Windows;C:\Windows\System32\Wbem;C:\Windows\System32\WindowsPowerShell\v1.0\;F:\Windows7Master;C:\Program Files\Common Files\Ulead Systems\MPEG;C:\Program Files\QuickTime\QTSystem\;f:\eric\apache-ant-1.8.4\bin;C:\Program Files\OpenVPN\bin;D:\Program Files\ALTRun;;.
八月 11, 2013 3:54:57 下午 org.apache.coyote.http11.Http11Protocol init
INFO: Initializing Coyote HTTP/1.1 on http-8081
八月 11, 2013 3:54:57 下午 org.apache.catalina.startup.Catalina load
INFO: Initialization processed in 2826 ms
八月 11, 2013 3:54:57 下午 org.apache.catalina.core.StandardService start
INFO: Starting service Catalina
八月 11, 2013 3:54:57 下午 org.apache.catalina.core.StandardEngine start
INFO: Starting Servlet Engine: Apache Tomcat/6.0.35
八月 11, 2013 3:54:57 下午 org.apache.catalina.startup.HostConfig deployDescriptor
INFO: Deploying configuration descriptor hospital.xml
八月 11, 2013 3:54:58 下午 org.apache.catalina.loader.WebappClassLoader validateJarFile
INFO: validateJarFile(F:\eric\workspace\proj\WebDevs\WebDev\WEBCONTENT\WEB-INF\lib\geronimo-servlet_3.0_spec-1.0.jar) - jar not loaded. See Servlet Spec 2.3, section 9.7.2. Offending class: javax/servlet/Servlet.class
八月 11, 2013 3:55:03 下午 org.apache.cxf.bus.spring.OldSpringSupport logWarning
WARNING: Import of META-INF/cxf/cxf-extension-soap.xml has been deprecated and is unnecessary.
八月 11, 2013 3:55:03 下午 org.apache.cxf.service.factory.ReflectionServiceFactoryBean buildServiceFromClass
INFO: Creating Service {http://sample.ws.microwill.com/}HospitalServiceService from class com.microwill.ws.sample.IHospitalService
八月 11, 2013 3:55:05 下午 org.apache.cxf.endpoint.ServerImpl initDestination
INFO: Setting the server's publish address to be /queryForList
八月 11, 2013 3:55:06 下午 org.apache.cxf.service.factory.ReflectionServiceFactoryBean buildServiceFromWSDL
INFO: Creating Service {http://docs.oasis-open.org/ws-dd/ns/discovery/2009/01}Discovery from WSDL: classpath:/org/apache/cxf/ws/discovery/wsdl/wsdd-discovery-1.1-wsdl-os.wsdl
八月 11, 2013 3:55:07 下午 org.apache.cxf.endpoint.ServerImpl initDestination
INFO: Setting the server's publish address to be soap.udp://239.255.255.250:3702
八月 11, 2013 3:55:07 下午 org.apache.cxf.service.factory.ReflectionServiceFactoryBean buildServiceFromClass
INFO: Creating Service {http://docs.oasis-open.org/ws-dd/ns/discovery/2009/01}DiscoveryProxy from class org.apache.cxf.jaxws.support.DummyImpl
八月 11, 2013 3:55:08 下午 org.apache.coyote.http11.Http11Protocol start
INFO: Starting Coyote HTTP/1.1 on http-8081
八月 11, 2013 3:55:08 下午 org.apache.jk.common.ChannelSocket init
INFO: JK: ajp13 listening on /0.0.0.0:8009
八月 11, 2013 3:55:08 下午 org.apache.jk.server.JkMain start
INFO: Jk running ID=0 time=0/62  config=null
八月 11, 2013 3:55:08 下午 org.apache.catalina.startup.Catalina start
INFO: Server startup in 11650 ms
八月 11, 2013 4:23:18 下午 org.apache.catalina.startup.Embedded initDirs
SEVERE: Cannot find specified temporary folder at F:\eric\workspace\proj\WebDevelope\instance\temp
八月 11, 2013 4:23:19 下午 org.apache.catalina.core.AprLifecycleListener init
INFO: The APR based Apache Tomcat Native library which allows optimal performance in production environments was not found on the java.library.path: C:\jdk\bin;C:\Windows\Sun\Java\bin;C:\Windows\system32;C:\Windows;C:/Program Files/Java/jre6/bin/client;C:/Program Files/Java/jre6/bin;C:/Program Files/Java/jre6/lib/i386;D:\oracle\product\10.2.0\db_1\BIN;C:\Program Files\Common Files\NetSarang;C:\Windows\system32;C:\Windows;C:\Windows\System32\Wbem;C:\Windows\System32\WindowsPowerShell\v1.0\;F:\Windows7Master;C:\Program Files\Common Files\Ulead Systems\MPEG;C:\Program Files\QuickTime\QTSystem\;f:\eric\apache-ant-1.8.4\bin;C:\Program Files\OpenVPN\bin;D:\Program Files\ALTRun;;.
八月 11, 2013 4:23:19 下午 org.apache.coyote.http11.Http11Protocol init
INFO: Initializing Coyote HTTP/1.1 on http-8081
八月 11, 2013 4:23:19 下午 org.apache.catalina.startup.Catalina load
INFO: Initialization processed in 807 ms
八月 11, 2013 4:23:19 下午 org.apache.catalina.core.StandardService start
INFO: Starting service Catalina
八月 11, 2013 4:23:19 下午 org.apache.catalina.core.StandardEngine start
INFO: Starting Servlet Engine: Apache Tomcat/6.0.35
八月 11, 2013 4:23:19 下午 org.apache.catalina.startup.HostConfig deployDescriptor
INFO: Deploying configuration descriptor hospital.xml
八月 11, 2013 4:23:20 下午 org.apache.catalina.loader.WebappClassLoader validateJarFile
INFO: validateJarFile(F:\eric\workspace\proj\WebDevs\WebDev\WEBCONTENT\WEB-INF\lib\geronimo-servlet_3.0_spec-1.0.jar) - jar not loaded. See Servlet Spec 2.3, section 9.7.2. Offending class: javax/servlet/Servlet.class
八月 11, 2013 4:23:25 下午 org.apache.cxf.bus.spring.OldSpringSupport logWarning
WARNING: Import of META-INF/cxf/cxf-extension-soap.xml has been deprecated and is unnecessary.
八月 11, 2013 4:23:25 下午 org.apache.cxf.service.factory.ReflectionServiceFactoryBean buildServiceFromClass
INFO: Creating Service {http://sample.ws.microwill.com/}HospitalServiceService from class com.microwill.ws.sample.IHospitalService
八月 11, 2013 4:23:28 下午 org.apache.cxf.endpoint.ServerImpl initDestination
INFO: Setting the server's publish address to be /queryForList
八月 11, 2013 4:23:28 下午 org.apache.cxf.service.factory.ReflectionServiceFactoryBean buildServiceFromWSDL
INFO: Creating Service {http://docs.oasis-open.org/ws-dd/ns/discovery/2009/01}Discovery from WSDL: classpath:/org/apache/cxf/ws/discovery/wsdl/wsdd-discovery-1.1-wsdl-os.wsdl
八月 11, 2013 4:23:29 下午 org.apache.cxf.endpoint.ServerImpl initDestination
INFO: Setting the server's publish address to be soap.udp://239.255.255.250:3702
八月 11, 2013 4:23:29 下午 org.apache.cxf.service.factory.ReflectionServiceFactoryBean buildServiceFromClass
INFO: Creating Service {http://docs.oasis-open.org/ws-dd/ns/discovery/2009/01}DiscoveryProxy from class org.apache.cxf.jaxws.support.DummyImpl
八月 11, 2013 4:23:30 下午 org.apache.coyote.http11.Http11Protocol start
INFO: Starting Coyote HTTP/1.1 on http-8081
八月 11, 2013 4:23:30 下午 org.apache.jk.common.ChannelSocket init
INFO: JK: ajp13 listening on /0.0.0.0:8009
八月 11, 2013 4:23:30 下午 org.apache.jk.server.JkMain start
INFO: Jk running ID=0 time=0/38  config=null
八月 11, 2013 4:23:30 下午 org.apache.catalina.startup.Catalina start
INFO: Server startup in 11046 ms
八月 11, 2013 5:08:29 下午 org.apache.catalina.startup.Embedded initDirs
SEVERE: Cannot find specified temporary folder at F:\eric\workspace\proj\WebDevelope\instance\temp
八月 11, 2013 5:08:30 下午 org.apache.catalina.core.AprLifecycleListener init
INFO: The APR based Apache Tomcat Native library which allows optimal performance in production environments was not found on the java.library.path: C:\jdk\bin;C:\Windows\Sun\Java\bin;C:\Windows\system32;C:\Windows;C:/Program Files/Java/jre6/bin/client;C:/Program Files/Java/jre6/bin;C:/Program Files/Java/jre6/lib/i386;D:\oracle\product\10.2.0\db_1\BIN;C:\Program Files\Common Files\NetSarang;C:\Windows\system32;C:\Windows;C:\Windows\System32\Wbem;C:\Windows\System32\WindowsPowerShell\v1.0\;F:\Windows7Master;C:\Program Files\Common Files\Ulead Systems\MPEG;C:\Program Files\QuickTime\QTSystem\;f:\eric\apache-ant-1.8.4\bin;C:\Program Files\OpenVPN\bin;D:\Program Files\ALTRun;;.
八月 11, 2013 5:08:30 下午 org.apache.coyote.http11.Http11Protocol init
INFO: Initializing Coyote HTTP/1.1 on http-8081
八月 11, 2013 5:08:30 下午 org.apache.catalina.startup.Catalina load
INFO: Initialization processed in 797 ms
八月 11, 2013 5:08:30 下午 org.apache.catalina.core.StandardService start
INFO: Starting service Catalina
八月 11, 2013 5:08:30 下午 org.apache.catalina.core.StandardEngine start
INFO: Starting Servlet Engine: Apache Tomcat/6.0.35
八月 11, 2013 5:08:30 下午 org.apache.catalina.startup.HostConfig deployDescriptor
INFO: Deploying configuration descriptor hospital.xml
八月 11, 2013 5:08:31 下午 org.apache.catalina.loader.WebappClassLoader validateJarFile
INFO: validateJarFile(F:\eric\workspace\proj\WebDevs\WebDev\WEBCONTENT\WEB-INF\lib\geronimo-servlet_3.0_spec-1.0.jar) - jar not loaded. See Servlet Spec 2.3, section 9.7.2. Offending class: javax/servlet/Servlet.class
八月 11, 2013 5:08:35 下午 org.apache.cxf.bus.spring.OldSpringSupport logWarning
WARNING: Import of META-INF/cxf/cxf-extension-soap.xml has been deprecated and is unnecessary.
八月 11, 2013 5:08:35 下午 org.apache.cxf.service.factory.ReflectionServiceFactoryBean buildServiceFromClass
INFO: Creating Service {http://sample.ws.microwill.com/}HospitalServiceService from class com.microwill.ws.sample.IHospitalService
八月 11, 2013 5:08:37 下午 org.apache.cxf.endpoint.ServerImpl initDestination
INFO: Setting the server's publish address to be /queryForList
八月 11, 2013 5:08:38 下午 org.apache.cxf.service.factory.ReflectionServiceFactoryBean buildServiceFromWSDL
INFO: Creating Service {http://docs.oasis-open.org/ws-dd/ns/discovery/2009/01}Discovery from WSDL: classpath:/org/apache/cxf/ws/discovery/wsdl/wsdd-discovery-1.1-wsdl-os.wsdl
八月 11, 2013 5:08:38 下午 org.apache.cxf.endpoint.ServerImpl initDestination
INFO: Setting the server's publish address to be soap.udp://239.255.255.250:3702
八月 11, 2013 5:08:39 下午 org.apache.cxf.service.factory.ReflectionServiceFactoryBean buildServiceFromClass
INFO: Creating Service {http://docs.oasis-open.org/ws-dd/ns/discovery/2009/01}DiscoveryProxy from class org.apache.cxf.jaxws.support.DummyImpl
八月 11, 2013 5:08:40 下午 org.apache.coyote.http11.Http11Protocol start
INFO: Starting Coyote HTTP/1.1 on http-8081
八月 11, 2013 5:08:40 下午 org.apache.jk.common.ChannelSocket init
INFO: JK: ajp13 listening on /0.0.0.0:8009
八月 11, 2013 5:08:40 下午 org.apache.jk.server.JkMain start
INFO: Jk running ID=0 time=0/45  config=null
八月 11, 2013 5:08:40 下午 org.apache.catalina.startup.Catalina start
INFO: Server startup in 9850 ms
八月 11, 2013 10:14:42 下午 org.apache.catalina.startup.Embedded initDirs
SEVERE: Cannot find specified temporary folder at F:\eric\workspace\proj\WebDevelope\instance\temp
八月 11, 2013 10:14:44 下午 org.apache.catalina.core.AprLifecycleListener init
INFO: The APR based Apache Tomcat Native library which allows optimal performance in production environments was not found on the java.library.path: C:\jdk\bin;C:\Windows\Sun\Java\bin;C:\Windows\system32;C:\Windows;C:/Program Files/Java/jre6/bin/client;C:/Program Files/Java/jre6/bin;C:/Program Files/Java/jre6/lib/i386;D:\oracle\product\10.2.0\db_1\BIN;C:\Program Files\Common Files\NetSarang;C:\Windows\system32;C:\Windows;C:\Windows\System32\Wbem;C:\Windows\System32\WindowsPowerShell\v1.0\;F:\Windows7Master;C:\Program Files\Common Files\Ulead Systems\MPEG;C:\Program Files\QuickTime\QTSystem\;f:\eric\apache-ant-1.8.4\bin;C:\Program Files\OpenVPN\bin;D:\Program Files\ALTRun;;.
八月 11, 2013 10:14:46 下午 org.apache.coyote.http11.Http11Protocol init
INFO: Initializing Coyote HTTP/1.1 on http-8081
八月 11, 2013 10:14:46 下午 org.apache.catalina.startup.Catalina load
INFO: Initialization processed in 3798 ms
八月 11, 2013 10:14:46 下午 org.apache.catalina.core.StandardService start
INFO: Starting service Catalina
八月 11, 2013 10:14:46 下午 org.apache.catalina.core.StandardEngine start
INFO: Starting Servlet Engine: Apache Tomcat/6.0.35
八月 11, 2013 10:14:46 下午 org.apache.catalina.startup.HostConfig deployDescriptor
INFO: Deploying configuration descriptor hospital.xml
八月 11, 2013 10:14:51 下午 org.apache.catalina.loader.WebappClassLoader validateJarFile
INFO: validateJarFile(F:\eric\workspace\proj\WebDevs\WebDev\WEBCONTENT\WEB-INF\lib\geronimo-servlet_3.0_spec-1.0.jar) - jar not loaded. See Servlet Spec 2.3, section 9.7.2. Offending class: javax/servlet/Servlet.class
八月 11, 2013 10:15:02 下午 org.apache.cxf.bus.spring.OldSpringSupport logWarning
WARNING: Import of META-INF/cxf/cxf-extension-soap.xml has been deprecated and is unnecessary.
八月 11, 2013 10:15:03 下午 org.apache.cxf.service.factory.ReflectionServiceFactoryBean buildServiceFromClass
INFO: Creating Service {http://sample.ws.microwill.com/}HospitalServiceService from class com.microwill.ws.sample.IHospitalService
八月 11, 2013 10:15:06 下午 org.apache.cxf.endpoint.ServerImpl initDestination
INFO: Setting the server's publish address to be /queryForList
八月 11, 2013 10:15:07 下午 org.apache.cxf.service.factory.ReflectionServiceFactoryBean buildServiceFromWSDL
INFO: Creating Service {http://docs.oasis-open.org/ws-dd/ns/discovery/2009/01}Discovery from WSDL: classpath:/org/apache/cxf/ws/discovery/wsdl/wsdd-discovery-1.1-wsdl-os.wsdl
八月 11, 2013 10:15:09 下午 org.apache.cxf.endpoint.ServerImpl initDestination
INFO: Setting the server's publish address to be soap.udp://239.255.255.250:3702
八月 11, 2013 10:15:09 下午 org.apache.cxf.service.factory.ReflectionServiceFactoryBean buildServiceFromClass
INFO: Creating Service {http://docs.oasis-open.org/ws-dd/ns/discovery/2009/01}DiscoveryProxy from class org.apache.cxf.jaxws.support.DummyImpl
八月 11, 2013 10:15:11 下午 org.apache.coyote.http11.Http11Protocol start
INFO: Starting Coyote HTTP/1.1 on http-8081
八月 11, 2013 10:15:11 下午 org.apache.jk.common.ChannelSocket init
INFO: JK: ajp13 listening on /0.0.0.0:8009
八月 11, 2013 10:15:11 下午 org.apache.jk.server.JkMain start
INFO: Jk running ID=0 time=0/207  config=null
八月 11, 2013 10:15:11 下午 org.apache.catalina.startup.Catalina start
INFO: Server startup in 25426 ms
八月 11, 2013 10:18:31 下午 org.apache.catalina.startup.HostConfig checkResources
INFO: Undeploying context [/hospital]
八月 11, 2013 10:18:32 下午 org.apache.catalina.loader.WebappClassLoader clearReferencesJdbc
SEVERE: The web application [/hospital] registered the JDBC driver [com.mysql.jdbc.Driver] but failed to unregister it when the web application was stopped. To prevent a memory leak, the JDBC Driver has been forcibly unregistered.
八月 11, 2013 10:18:32 下午 org.apache.catalina.loader.WebappClassLoader clearReferencesThreads
SEVERE: The web application [/hospital] appears to have started a thread named [default-workqueue-1] but has failed to stop it. This is very likely to create a memory leak.
八月 11, 2013 10:18:32 下午 org.apache.catalina.loader.WebappClassLoader clearThreadLocalMap
SEVERE: The web application [/hospital] created a ThreadLocal with key of type [java.lang.ThreadLocal] (value [java.lang.ThreadLocal@16be180]) and a value of type [org.apache.cxf.BusFactory.BusHolder] (value [org.apache.cxf.BusFactory$BusHolder@1a1c756]) but failed to remove it when the web application was stopped. This is very likely to create a memory leak.
八月 11, 2013 10:18:32 下午 org.apache.catalina.loader.WebappClassLoader clearThreadLocalMap
SEVERE: The web application [/hospital] created a ThreadLocal with key of type [com.sun.xml.bind.v2.ClassFactory$1] (value [com.sun.xml.bind.v2.ClassFactory$1@10e476d]) and a value of type [java.util.WeakHashMap] (value [{class javax.xml.ws.wsaddressing.W3CEndpointReference=java.lang.ref.WeakReference@7373cf, class javax.xml.bind.annotation.W3CDomHandler=java.lang.ref.WeakReference@1b81e58, class javax.xml.ws.wsaddressing.W3CEndpointReference$Address=java.lang.ref.WeakReference@d02656, class javax.xml.ws.wsaddressing.W3CEndpointReference$Elements=java.lang.ref.WeakReference@1851717}]) but failed to remove it when the web application was stopped. This is very likely to create a memory leak.
八月 11, 2013 10:18:58 下午 org.apache.catalina.startup.Embedded initDirs
SEVERE: Cannot find specified temporary folder at F:\eric\workspace\proj\WebDevelope\instance\temp
八月 11, 2013 10:18:58 下午 org.apache.catalina.core.AprLifecycleListener init
INFO: The APR based Apache Tomcat Native library which allows optimal performance in production environments was not found on the java.library.path: C:\jdk\bin;C:\Windows\Sun\Java\bin;C:\Windows\system32;C:\Windows;C:/Program Files/Java/jre6/bin/client;C:/Program Files/Java/jre6/bin;C:/Program Files/Java/jre6/lib/i386;D:\oracle\product\10.2.0\db_1\BIN;C:\Program Files\Common Files\NetSarang;C:\Windows\system32;C:\Windows;C:\Windows\System32\Wbem;C:\Windows\System32\WindowsPowerShell\v1.0\;F:\Windows7Master;C:\Program Files\Common Files\Ulead Systems\MPEG;C:\Program Files\QuickTime\QTSystem\;f:\eric\apache-ant-1.8.4\bin;C:\Program Files\OpenVPN\bin;D:\Program Files\ALTRun;;.
八月 11, 2013 10:18:59 下午 org.apache.coyote.http11.Http11Protocol init
INFO: Initializing Coyote HTTP/1.1 on http-8081
八月 11, 2013 10:18:59 下午 org.apache.catalina.startup.Catalina load
INFO: Initialization processed in 989 ms
八月 11, 2013 10:18:59 下午 org.apache.catalina.core.StandardService start
INFO: Starting service Catalina
八月 11, 2013 10:18:59 下午 org.apache.catalina.core.StandardEngine start
INFO: Starting Servlet Engine: Apache Tomcat/6.0.35
八月 11, 2013 10:18:59 下午 org.apache.catalina.startup.HostConfig deployDescriptor
INFO: Deploying configuration descriptor hospital.xml
八月 11, 2013 10:19:00 下午 org.apache.catalina.loader.WebappClassLoader validateJarFile
INFO: validateJarFile(F:\eric\workspace\proj\WebDevelope\WEBCONTENT\WEB-INF\lib\geronimo-servlet_3.0_spec-1.0.jar) - jar not loaded. See Servlet Spec 2.3, section 9.7.2. Offending class: javax/servlet/Servlet.class
八月 11, 2013 10:19:07 下午 org.apache.cxf.bus.spring.OldSpringSupport logWarning
WARNING: Import of META-INF/cxf/cxf-extension-soap.xml has been deprecated and is unnecessary.
八月 11, 2013 10:19:07 下午 org.apache.cxf.service.factory.ReflectionServiceFactoryBean buildServiceFromClass
INFO: Creating Service {http://sample.ws.microwill.com/}HospitalServiceService from class com.microwill.ws.sample.IHospitalService
八月 11, 2013 10:19:09 下午 org.apache.cxf.endpoint.ServerImpl initDestination
INFO: Setting the server's publish address to be /queryForList
八月 11, 2013 10:19:10 下午 org.apache.cxf.service.factory.ReflectionServiceFactoryBean buildServiceFromWSDL
INFO: Creating Service {http://docs.oasis-open.org/ws-dd/ns/discovery/2009/01}Discovery from WSDL: classpath:/org/apache/cxf/ws/discovery/wsdl/wsdd-discovery-1.1-wsdl-os.wsdl
八月 11, 2013 10:19:11 下午 org.apache.cxf.endpoint.ServerImpl initDestination
INFO: Setting the server's publish address to be soap.udp://239.255.255.250:3702
八月 11, 2013 10:19:11 下午 org.apache.cxf.service.factory.ReflectionServiceFactoryBean buildServiceFromClass
INFO: Creating Service {http://docs.oasis-open.org/ws-dd/ns/discovery/2009/01}DiscoveryProxy from class org.apache.cxf.jaxws.support.DummyImpl
八月 11, 2013 10:19:12 下午 org.apache.coyote.http11.Http11Protocol start
INFO: Starting Coyote HTTP/1.1 on http-8081
八月 11, 2013 10:19:12 下午 org.apache.jk.common.ChannelSocket init
INFO: JK: ajp13 listening on /0.0.0.0:8009
八月 11, 2013 10:19:12 下午 org.apache.jk.server.JkMain start
INFO: Jk running ID=0 time=0/38  config=null
八月 11, 2013 10:19:12 下午 org.apache.catalina.startup.Catalina start
INFO: Server startup in 13159 ms
八月 11, 2013 10:24:24 下午 org.apache.tomcat.util.http.Parameters processParameters
INFO: Invalid chunk starting at byte [0] and ending at byte [0] with a value of [null] ignored
八月 11, 2013 10:25:20 下午 org.apache.tomcat.util.http.Parameters processParameters
INFO: Invalid chunk starting at byte [0] and ending at byte [0] with a value of [null] ignored
八月 11, 2013 10:25:21 下午 org.apache.tomcat.util.http.Parameters processParameters
INFO: Invalid chunk starting at byte [0] and ending at byte [0] with a value of [null] ignored
八月 11, 2013 10:25:31 下午 org.apache.tomcat.util.http.Parameters processParameters
INFO: Invalid chunk starting at byte [0] and ending at byte [0] with a value of [null] ignored
八月 11, 2013 10:25:33 下午 org.apache.tomcat.util.http.Parameters processParameters
INFO: Invalid chunk starting at byte [0] and ending at byte [0] with a value of [null] ignored
八月 11, 2013 10:31:02 下午 org.apache.tomcat.util.http.Parameters processParameters
INFO: Invalid chunk starting at byte [0] and ending at byte [0] with a value of [null] ignored
八月 11, 2013 10:31:04 下午 org.apache.tomcat.util.http.Parameters processParameters
INFO: Invalid chunk starting at byte [0] and ending at byte [0] with a value of [null] ignored
八月 11, 2013 10:31:05 下午 org.apache.tomcat.util.http.Parameters processParameters
INFO: Invalid chunk starting at byte [0] and ending at byte [0] with a value of [null] ignored
八月 11, 2013 10:33:44 下午 org.apache.tomcat.util.http.Parameters processParameters
INFO: Invalid chunk starting at byte [0] and ending at byte [0] with a value of [null] ignored
八月 11, 2013 10:34:13 下午 org.apache.tomcat.util.http.Parameters processParameters
INFO: Invalid chunk starting at byte [0] and ending at byte [0] with a value of [null] ignored
八月 11, 2013 10:34:33 下午 org.apache.tomcat.util.http.Parameters processParameters
INFO: Invalid chunk starting at byte [0] and ending at byte [0] with a value of [null] ignored
八月 11, 2013 10:34:51 下午 org.apache.tomcat.util.http.Parameters processParameters
INFO: Invalid chunk starting at byte [0] and ending at byte [0] with a value of [null] ignored
八月 11, 2013 10:34:55 下午 org.apache.tomcat.util.http.Parameters processParameters
INFO: Invalid chunk starting at byte [0] and ending at byte [0] with a value of [null] ignored
八月 11, 2013 10:45:56 下午 org.apache.tomcat.util.http.Parameters processParameters
INFO: Invalid chunk starting at byte [0] and ending at byte [0] with a value of [null] ignored
八月 11, 2013 10:46:06 下午 org.apache.tomcat.util.http.Parameters processParameters
INFO: Invalid chunk starting at byte [0] and ending at byte [0] with a value of [null] ignored
八月 11, 2013 10:46:07 下午 org.apache.tomcat.util.http.Parameters processParameters
INFO: Invalid chunk starting at byte [0] and ending at byte [0] with a value of [null] ignored
八月 11, 2013 10:46:21 下午 org.apache.tomcat.util.http.Parameters processParameters
INFO: Invalid chunk starting at byte [0] and ending at byte [0] with a value of [null] ignored
八月 11, 2013 10:46:25 下午 org.apache.tomcat.util.http.Parameters processParameters
INFO: Invalid chunk starting at byte [0] and ending at byte [0] with a value of [null] ignored
八月 11, 2013 10:46:27 下午 org.apache.tomcat.util.http.Parameters processParameters
INFO: Invalid chunk starting at byte [0] and ending at byte [0] with a value of [null] ignored
八月 11, 2013 10:46:27 下午 org.apache.tomcat.util.http.Parameters processParameters
INFO: Invalid chunk starting at byte [0] and ending at byte [0] with a value of [null] ignored
八月 11, 2013 10:46:27 下午 org.apache.tomcat.util.http.Parameters processParameters
INFO: Invalid chunk starting at byte [0] and ending at byte [0] with a value of [null] ignored
八月 11, 2013 10:46:27 下午 org.apache.tomcat.util.http.Parameters processParameters
INFO: Invalid chunk starting at byte [0] and ending at byte [0] with a value of [null] ignored
八月 11, 2013 10:46:28 下午 org.apache.tomcat.util.http.Parameters processParameters
INFO: Invalid chunk starting at byte [0] and ending at byte [0] with a value of [null] ignored
八月 11, 2013 10:46:28 下午 org.apache.tomcat.util.http.Parameters processParameters
INFO: Invalid chunk starting at byte [0] and ending at byte [0] with a value of [null] ignored
八月 11, 2013 10:46:29 下午 org.apache.tomcat.util.http.Parameters processParameters
INFO: Invalid chunk starting at byte [0] and ending at byte [0] with a value of [null] ignored
八月 11, 2013 10:47:43 下午 org.apache.tomcat.util.http.Parameters processParameters
INFO: Invalid chunk starting at byte [0] and ending at byte [0] with a value of [null] ignored
八月 11, 2013 10:48:18 下午 org.apache.tomcat.util.http.Parameters processParameters
INFO: Invalid chunk starting at byte [0] and ending at byte [0] with a value of [null] ignored
八月 11, 2013 10:49:46 下午 org.apache.tomcat.util.http.Parameters processParameters
INFO: Invalid chunk starting at byte [0] and ending at byte [0] with a value of [null] ignored
八月 11, 2013 10:51:02 下午 org.apache.tomcat.util.http.Parameters processParameters
INFO: Invalid chunk starting at byte [0] and ending at byte [0] with a value of [null] ignored
八月 11, 2013 10:54:03 下午 org.apache.tomcat.util.http.Parameters processParameters
INFO: Invalid chunk starting at byte [0] and ending at byte [0] with a value of [null] ignored
八月 11, 2013 10:58:28 下午 org.apache.tomcat.util.http.Parameters processParameters
INFO: Invalid chunk starting at byte [0] and ending at byte [0] with a value of [null] ignored
