八月 10, 2013 5:38:44 下午 org.apache.catalina.startup.Embedded initDirs
SEVERE: Cannot find specified temporary folder at F:\eric\workspace\proj\quick\instance\temp
八月 10, 2013 5:38:44 下午 org.apache.catalina.core.AprLifecycleListener init
INFO: The APR based Apache Tomcat Native library which allows optimal performance in production environments was not found on the java.library.path: C:\jdk\bin;C:\Windows\Sun\Java\bin;C:\Windows\system32;C:\Windows;C:/Program Files/Java/jre6/bin/client;C:/Program Files/Java/jre6/bin;C:/Program Files/Java/jre6/lib/i386;D:\oracle\product\10.2.0\db_1\BIN;C:\Program Files\Common Files\NetSarang;C:\Windows\system32;C:\Windows;C:\Windows\System32\Wbem;C:\Windows\System32\WindowsPowerShell\v1.0\;F:\Windows7Master;C:\Program Files\Common Files\Ulead Systems\MPEG;C:\Program Files\QuickTime\QTSystem\;f:\eric\apache-ant-1.8.4\bin;C:\Program Files\OpenVPN\bin;D:\Program Files\ALTRun;;.
八月 10, 2013 5:38:44 下午 org.apache.coyote.http11.Http11Protocol init
INFO: Initializing Coyote HTTP/1.1 on http-8081
八月 10, 2013 5:38:44 下午 org.apache.catalina.startup.Catalina load
INFO: Initialization processed in 717 ms
八月 10, 2013 5:38:44 下午 org.apache.catalina.core.StandardService start
INFO: Starting service Catalina
八月 10, 2013 5:38:44 下午 org.apache.catalina.core.StandardEngine start
INFO: Starting Servlet Engine: Apache Tomcat/6.0.35
八月 10, 2013 5:38:45 下午 org.apache.catalina.startup.HostConfig deployDescriptor
INFO: Deploying configuration descriptor hospital.xml
八月 10, 2013 5:38:45 下午 org.apache.catalina.loader.WebappClassLoader validateJarFile
INFO: validateJarFile(F:\eric\workspace\proj\quick\WEBCONTENT\WEB-INF\lib\geronimo-servlet_3.0_spec-1.0.jar) - jar not loaded. See Servlet Spec 2.3, section 9.7.2. Offending class: javax/servlet/Servlet.class
八月 10, 2013 5:38:47 下午 org.apache.cxf.bus.spring.OldSpringSupport logWarning
WARNING: Import of META-INF/cxf/cxf-extension-soap.xml has been deprecated and is unnecessary.
八月 10, 2013 5:38:47 下午 org.apache.catalina.core.StandardContext start
SEVERE: Error listenerStart
八月 10, 2013 5:38:47 下午 org.apache.catalina.core.StandardContext start
SEVERE: Context [/hospital] startup failed due to previous errors
八月 10, 2013 5:38:48 下午 org.apache.coyote.http11.Http11Protocol start
INFO: Starting Coyote HTTP/1.1 on http-8081
八月 10, 2013 5:38:48 下午 org.apache.jk.common.ChannelSocket init
INFO: JK: ajp13 listening on /0.0.0.0:8009
八月 10, 2013 5:38:48 下午 org.apache.jk.server.JkMain start
INFO: Jk running ID=0 time=0/31  config=null
八月 10, 2013 5:38:48 下午 org.apache.catalina.startup.Catalina start
INFO: Server startup in 3535 ms
八月 10, 2013 5:39:33 下午 org.apache.catalina.startup.Embedded initDirs
SEVERE: Cannot find specified temporary folder at F:\eric\workspace\proj\quick\instance\temp
八月 10, 2013 5:39:33 下午 org.apache.catalina.core.AprLifecycleListener init
INFO: The APR based Apache Tomcat Native library which allows optimal performance in production environments was not found on the java.library.path: C:\jdk\bin;C:\Windows\Sun\Java\bin;C:\Windows\system32;C:\Windows;C:/Program Files/Java/jre6/bin/client;C:/Program Files/Java/jre6/bin;C:/Program Files/Java/jre6/lib/i386;D:\oracle\product\10.2.0\db_1\BIN;C:\Program Files\Common Files\NetSarang;C:\Windows\system32;C:\Windows;C:\Windows\System32\Wbem;C:\Windows\System32\WindowsPowerShell\v1.0\;F:\Windows7Master;C:\Program Files\Common Files\Ulead Systems\MPEG;C:\Program Files\QuickTime\QTSystem\;f:\eric\apache-ant-1.8.4\bin;C:\Program Files\OpenVPN\bin;D:\Program Files\ALTRun;;.
八月 10, 2013 5:39:34 下午 org.apache.coyote.http11.Http11Protocol init
INFO: Initializing Coyote HTTP/1.1 on http-8081
八月 10, 2013 5:39:34 下午 org.apache.catalina.startup.Catalina load
INFO: Initialization processed in 824 ms
八月 10, 2013 5:39:34 下午 org.apache.catalina.core.StandardService start
INFO: Starting service Catalina
八月 10, 2013 5:39:34 下午 org.apache.catalina.core.StandardEngine start
INFO: Starting Servlet Engine: Apache Tomcat/6.0.35
八月 10, 2013 5:39:34 下午 org.apache.catalina.startup.HostConfig deployDescriptor
INFO: Deploying configuration descriptor hospital.xml
八月 10, 2013 5:39:34 下午 org.apache.catalina.loader.WebappClassLoader validateJarFile
INFO: validateJarFile(F:\eric\workspace\proj\quick\WEBCONTENT\WEB-INF\lib\geronimo-servlet_3.0_spec-1.0.jar) - jar not loaded. See Servlet Spec 2.3, section 9.7.2. Offending class: javax/servlet/Servlet.class
八月 10, 2013 5:39:37 下午 org.apache.cxf.bus.spring.OldSpringSupport logWarning
WARNING: Import of META-INF/cxf/cxf-extension-soap.xml has been deprecated and is unnecessary.
八月 10, 2013 5:39:37 下午 org.apache.cxf.service.factory.ReflectionServiceFactoryBean buildServiceFromClass
INFO: Creating Service {http://sample.ws.microwill.com/}HospitalServiceService from class com.microwill.ws.sample.IHospitalService
八月 10, 2013 5:39:39 下午 org.apache.cxf.endpoint.ServerImpl initDestination
INFO: Setting the server's publish address to be /queryForList
八月 10, 2013 5:39:40 下午 org.apache.cxf.service.factory.ReflectionServiceFactoryBean buildServiceFromWSDL
INFO: Creating Service {http://docs.oasis-open.org/ws-dd/ns/discovery/2009/01}Discovery from WSDL: classpath:/org/apache/cxf/ws/discovery/wsdl/wsdd-discovery-1.1-wsdl-os.wsdl
八月 10, 2013 5:39:41 下午 org.apache.cxf.endpoint.ServerImpl initDestination
INFO: Setting the server's publish address to be soap.udp://239.255.255.250:3702
八月 10, 2013 5:39:42 下午 org.apache.cxf.service.factory.ReflectionServiceFactoryBean buildServiceFromClass
INFO: Creating Service {http://docs.oasis-open.org/ws-dd/ns/discovery/2009/01}DiscoveryProxy from class org.apache.cxf.jaxws.support.DummyImpl
八月 10, 2013 5:39:44 下午 org.apache.coyote.http11.Http11Protocol start
INFO: Starting Coyote HTTP/1.1 on http-8081
八月 10, 2013 5:39:44 下午 org.apache.jk.common.ChannelSocket init
INFO: JK: ajp13 listening on /0.0.0.0:8009
八月 10, 2013 5:39:44 下午 org.apache.jk.server.JkMain start
INFO: Jk running ID=0 time=0/192  config=null
八月 10, 2013 5:39:44 下午 org.apache.catalina.startup.Catalina start
INFO: Server startup in 10886 ms
八月 10, 2013 5:46:11 下午 org.apache.catalina.startup.Embedded initDirs
SEVERE: Cannot find specified temporary folder at F:\eric\workspace\proj\quick\instance\temp
八月 10, 2013 5:46:12 下午 org.apache.catalina.core.AprLifecycleListener init
INFO: The APR based Apache Tomcat Native library which allows optimal performance in production environments was not found on the java.library.path: C:\jdk\bin;C:\Windows\Sun\Java\bin;C:\Windows\system32;C:\Windows;C:/Program Files/Java/jre6/bin/client;C:/Program Files/Java/jre6/bin;C:/Program Files/Java/jre6/lib/i386;D:\oracle\product\10.2.0\db_1\BIN;C:\Program Files\Common Files\NetSarang;C:\Windows\system32;C:\Windows;C:\Windows\System32\Wbem;C:\Windows\System32\WindowsPowerShell\v1.0\;F:\Windows7Master;C:\Program Files\Common Files\Ulead Systems\MPEG;C:\Program Files\QuickTime\QTSystem\;f:\eric\apache-ant-1.8.4\bin;C:\Program Files\OpenVPN\bin;D:\Program Files\ALTRun;;.
八月 10, 2013 5:46:12 下午 org.apache.coyote.http11.Http11Protocol init
INFO: Initializing Coyote HTTP/1.1 on http-8081
八月 10, 2013 5:46:12 下午 org.apache.catalina.startup.Catalina load
INFO: Initialization processed in 817 ms
八月 10, 2013 5:46:12 下午 org.apache.catalina.core.StandardService start
INFO: Starting service Catalina
八月 10, 2013 5:46:12 下午 org.apache.catalina.core.StandardEngine start
INFO: Starting Servlet Engine: Apache Tomcat/6.0.35
八月 10, 2013 5:46:12 下午 org.apache.catalina.startup.HostConfig deployDescriptor
INFO: Deploying configuration descriptor hospital.xml
八月 10, 2013 5:46:12 下午 org.apache.catalina.loader.WebappClassLoader validateJarFile
INFO: validateJarFile(F:\eric\workspace\proj\quick\WEBCONTENT\WEB-INF\lib\geronimo-servlet_3.0_spec-1.0.jar) - jar not loaded. See Servlet Spec 2.3, section 9.7.2. Offending class: javax/servlet/Servlet.class
八月 10, 2013 5:46:16 下午 org.apache.cxf.bus.spring.OldSpringSupport logWarning
WARNING: Import of META-INF/cxf/cxf-extension-soap.xml has been deprecated and is unnecessary.
八月 10, 2013 5:46:17 下午 org.apache.cxf.service.factory.ReflectionServiceFactoryBean buildServiceFromClass
INFO: Creating Service {http://sample.ws.microwill.com/}HospitalServiceService from class com.microwill.ws.sample.IHospitalService
八月 10, 2013 5:46:18 下午 org.apache.cxf.endpoint.ServerImpl initDestination
INFO: Setting the server's publish address to be /queryForList
八月 10, 2013 5:46:18 下午 org.apache.cxf.service.factory.ReflectionServiceFactoryBean buildServiceFromWSDL
INFO: Creating Service {http://docs.oasis-open.org/ws-dd/ns/discovery/2009/01}Discovery from WSDL: classpath:/org/apache/cxf/ws/discovery/wsdl/wsdd-discovery-1.1-wsdl-os.wsdl
八月 10, 2013 5:46:19 下午 org.apache.cxf.endpoint.ServerImpl initDestination
INFO: Setting the server's publish address to be soap.udp://239.255.255.250:3702
八月 10, 2013 5:46:19 下午 org.apache.cxf.service.factory.ReflectionServiceFactoryBean buildServiceFromClass
INFO: Creating Service {http://docs.oasis-open.org/ws-dd/ns/discovery/2009/01}DiscoveryProxy from class org.apache.cxf.jaxws.support.DummyImpl
八月 10, 2013 5:46:21 下午 org.apache.coyote.http11.Http11Protocol start
INFO: Starting Coyote HTTP/1.1 on http-8081
八月 10, 2013 5:46:21 下午 org.apache.jk.common.ChannelSocket init
INFO: JK: ajp13 listening on /0.0.0.0:8009
八月 10, 2013 5:46:21 下午 org.apache.jk.server.JkMain start
INFO: Jk running ID=0 time=0/197  config=null
八月 10, 2013 5:46:21 下午 org.apache.catalina.startup.Catalina start
INFO: Server startup in 9122 ms
八月 10, 2013 5:48:34 下午 org.apache.catalina.startup.Embedded initDirs
SEVERE: Cannot find specified temporary folder at F:\eric\workspace\proj\quick\instance\temp
八月 10, 2013 5:48:34 下午 org.apache.catalina.core.AprLifecycleListener init
INFO: The APR based Apache Tomcat Native library which allows optimal performance in production environments was not found on the java.library.path: C:\jdk\bin;C:\Windows\Sun\Java\bin;C:\Windows\system32;C:\Windows;C:/Program Files/Java/jre6/bin/client;C:/Program Files/Java/jre6/bin;C:/Program Files/Java/jre6/lib/i386;D:\oracle\product\10.2.0\db_1\BIN;C:\Program Files\Common Files\NetSarang;C:\Windows\system32;C:\Windows;C:\Windows\System32\Wbem;C:\Windows\System32\WindowsPowerShell\v1.0\;F:\Windows7Master;C:\Program Files\Common Files\Ulead Systems\MPEG;C:\Program Files\QuickTime\QTSystem\;f:\eric\apache-ant-1.8.4\bin;C:\Program Files\OpenVPN\bin;D:\Program Files\ALTRun;;.
八月 10, 2013 5:48:35 下午 org.apache.coyote.http11.Http11Protocol init
INFO: Initializing Coyote HTTP/1.1 on http-8081
八月 10, 2013 5:48:35 下午 org.apache.catalina.startup.Catalina load
INFO: Initialization processed in 791 ms
八月 10, 2013 5:48:35 下午 org.apache.catalina.core.StandardService start
INFO: Starting service Catalina
八月 10, 2013 5:48:35 下午 org.apache.catalina.core.StandardEngine start
INFO: Starting Servlet Engine: Apache Tomcat/6.0.35
八月 10, 2013 5:48:35 下午 org.apache.catalina.startup.HostConfig deployDescriptor
INFO: Deploying configuration descriptor hospital.xml
八月 10, 2013 5:48:35 下午 org.apache.catalina.loader.WebappClassLoader validateJarFile
INFO: validateJarFile(F:\eric\workspace\proj\quick\WEBCONTENT\WEB-INF\lib\geronimo-servlet_3.0_spec-1.0.jar) - jar not loaded. See Servlet Spec 2.3, section 9.7.2. Offending class: javax/servlet/Servlet.class
八月 10, 2013 5:48:38 下午 org.apache.cxf.bus.spring.OldSpringSupport logWarning
WARNING: Import of META-INF/cxf/cxf-extension-soap.xml has been deprecated and is unnecessary.
八月 10, 2013 5:48:39 下午 org.apache.cxf.service.factory.ReflectionServiceFactoryBean buildServiceFromClass
INFO: Creating Service {http://sample.ws.microwill.com/}HospitalServiceService from class com.microwill.ws.sample.IHospitalService
八月 10, 2013 5:48:40 下午 org.apache.cxf.endpoint.ServerImpl initDestination
INFO: Setting the server's publish address to be /queryForList
八月 10, 2013 5:48:40 下午 org.apache.cxf.service.factory.ReflectionServiceFactoryBean buildServiceFromWSDL
INFO: Creating Service {http://docs.oasis-open.org/ws-dd/ns/discovery/2009/01}Discovery from WSDL: classpath:/org/apache/cxf/ws/discovery/wsdl/wsdd-discovery-1.1-wsdl-os.wsdl
八月 10, 2013 5:48:40 下午 org.apache.cxf.endpoint.ServerImpl initDestination
INFO: Setting the server's publish address to be soap.udp://239.255.255.250:3702
八月 10, 2013 5:48:41 下午 org.apache.cxf.service.factory.ReflectionServiceFactoryBean buildServiceFromClass
INFO: Creating Service {http://docs.oasis-open.org/ws-dd/ns/discovery/2009/01}DiscoveryProxy from class org.apache.cxf.jaxws.support.DummyImpl
八月 10, 2013 5:48:42 下午 org.apache.coyote.http11.Http11Protocol start
INFO: Starting Coyote HTTP/1.1 on http-8081
八月 10, 2013 5:48:42 下午 org.apache.jk.common.ChannelSocket init
INFO: JK: ajp13 listening on /0.0.0.0:8009
八月 10, 2013 5:48:42 下午 org.apache.jk.server.JkMain start
INFO: Jk running ID=0 time=0/173  config=null
八月 10, 2013 5:48:42 下午 org.apache.catalina.startup.Catalina start
INFO: Server startup in 7668 ms
八月 10, 2013 5:50:36 下午 org.apache.tomcat.util.http.Parameters processParameters
INFO: Invalid chunk starting at byte [0] and ending at byte [0] with a value of [null] ignored
八月 10, 2013 5:50:38 下午 org.apache.tomcat.util.http.Parameters processParameters
INFO: Invalid chunk starting at byte [0] and ending at byte [0] with a value of [null] ignored
八月 10, 2013 10:01:13 下午 org.apache.catalina.startup.Embedded initDirs
SEVERE: Cannot find specified temporary folder at F:\eric\workspace\proj\quick\instance\temp
八月 10, 2013 10:01:14 下午 org.apache.catalina.core.AprLifecycleListener init
INFO: The APR based Apache Tomcat Native library which allows optimal performance in production environments was not found on the java.library.path: C:\jdk\bin;C:\Windows\Sun\Java\bin;C:\Windows\system32;C:\Windows;C:/Program Files/Java/jre6/bin/client;C:/Program Files/Java/jre6/bin;C:/Program Files/Java/jre6/lib/i386;D:\oracle\product\10.2.0\db_1\BIN;C:\Program Files\Common Files\NetSarang;C:\Windows\system32;C:\Windows;C:\Windows\System32\Wbem;C:\Windows\System32\WindowsPowerShell\v1.0\;F:\Windows7Master;C:\Program Files\Common Files\Ulead Systems\MPEG;C:\Program Files\QuickTime\QTSystem\;f:\eric\apache-ant-1.8.4\bin;C:\Program Files\OpenVPN\bin;D:\Program Files\ALTRun;;.
八月 10, 2013 10:01:16 下午 org.apache.coyote.http11.Http11Protocol init
INFO: Initializing Coyote HTTP/1.1 on http-8081
八月 10, 2013 10:01:16 下午 org.apache.catalina.startup.Catalina load
INFO: Initialization processed in 3484 ms
八月 10, 2013 10:01:16 下午 org.apache.catalina.core.StandardService start
INFO: Starting service Catalina
八月 10, 2013 10:01:16 下午 org.apache.catalina.core.StandardEngine start
INFO: Starting Servlet Engine: Apache Tomcat/6.0.35
八月 10, 2013 10:01:17 下午 org.apache.catalina.startup.HostConfig deployDescriptor
INFO: Deploying configuration descriptor hospital.xml
八月 10, 2013 10:01:17 下午 org.apache.catalina.loader.WebappClassLoader validateJarFile
INFO: validateJarFile(F:\eric\workspace\proj\quick\WEBCONTENT\WEB-INF\lib\geronimo-servlet_3.0_spec-1.0.jar) - jar not loaded. See Servlet Spec 2.3, section 9.7.2. Offending class: javax/servlet/Servlet.class
八月 10, 2013 10:01:25 下午 org.apache.cxf.bus.spring.OldSpringSupport logWarning
WARNING: Import of META-INF/cxf/cxf-extension-soap.xml has been deprecated and is unnecessary.
八月 10, 2013 10:01:26 下午 org.apache.cxf.service.factory.ReflectionServiceFactoryBean buildServiceFromClass
INFO: Creating Service {http://sample.ws.microwill.com/}HospitalServiceService from class com.microwill.ws.sample.IHospitalService
八月 10, 2013 10:01:29 下午 org.apache.cxf.endpoint.ServerImpl initDestination
INFO: Setting the server's publish address to be /queryForList
八月 10, 2013 10:01:30 下午 org.apache.cxf.service.factory.ReflectionServiceFactoryBean buildServiceFromWSDL
INFO: Creating Service {http://docs.oasis-open.org/ws-dd/ns/discovery/2009/01}Discovery from WSDL: classpath:/org/apache/cxf/ws/discovery/wsdl/wsdd-discovery-1.1-wsdl-os.wsdl
八月 10, 2013 10:01:31 下午 org.apache.cxf.endpoint.ServerImpl initDestination
INFO: Setting the server's publish address to be soap.udp://239.255.255.250:3702
八月 10, 2013 10:01:31 下午 org.apache.cxf.service.factory.ReflectionServiceFactoryBean buildServiceFromClass
INFO: Creating Service {http://docs.oasis-open.org/ws-dd/ns/discovery/2009/01}DiscoveryProxy from class org.apache.cxf.jaxws.support.DummyImpl
八月 10, 2013 10:01:34 下午 org.apache.coyote.http11.Http11Protocol start
INFO: Starting Coyote HTTP/1.1 on http-8081
八月 10, 2013 10:01:34 下午 org.apache.jk.common.ChannelSocket init
INFO: JK: ajp13 listening on /0.0.0.0:8009
八月 10, 2013 10:01:34 下午 org.apache.jk.server.JkMain start
INFO: Jk running ID=0 time=0/230  config=null
八月 10, 2013 10:01:34 下午 org.apache.catalina.startup.Catalina start
INFO: Server startup in 18311 ms
八月 10, 2013 10:02:32 下午 org.apache.catalina.startup.Embedded initDirs
SEVERE: Cannot find specified temporary folder at F:\eric\workspace\proj\quick\instance\temp
八月 10, 2013 10:02:33 下午 org.apache.catalina.core.AprLifecycleListener init
INFO: The APR based Apache Tomcat Native library which allows optimal performance in production environments was not found on the java.library.path: C:\jdk\bin;C:\Windows\Sun\Java\bin;C:\Windows\system32;C:\Windows;C:/Program Files/Java/jre6/bin/client;C:/Program Files/Java/jre6/bin;C:/Program Files/Java/jre6/lib/i386;D:\oracle\product\10.2.0\db_1\BIN;C:\Program Files\Common Files\NetSarang;C:\Windows\system32;C:\Windows;C:\Windows\System32\Wbem;C:\Windows\System32\WindowsPowerShell\v1.0\;F:\Windows7Master;C:\Program Files\Common Files\Ulead Systems\MPEG;C:\Program Files\QuickTime\QTSystem\;f:\eric\apache-ant-1.8.4\bin;C:\Program Files\OpenVPN\bin;D:\Program Files\ALTRun;;.
八月 10, 2013 10:02:33 下午 org.apache.coyote.http11.Http11Protocol init
INFO: Initializing Coyote HTTP/1.1 on http-8081
八月 10, 2013 10:02:33 下午 org.apache.catalina.startup.Catalina load
INFO: Initialization processed in 834 ms
八月 10, 2013 10:02:33 下午 org.apache.catalina.core.StandardService start
INFO: Starting service Catalina
八月 10, 2013 10:02:33 下午 org.apache.catalina.core.StandardEngine start
INFO: Starting Servlet Engine: Apache Tomcat/6.0.35
八月 10, 2013 10:02:33 下午 org.apache.catalina.startup.HostConfig deployDescriptor
INFO: Deploying configuration descriptor hospital.xml
八月 10, 2013 10:02:34 下午 org.apache.catalina.loader.WebappClassLoader validateJarFile
INFO: validateJarFile(F:\eric\workspace\proj\quick\WEBCONTENT\WEB-INF\lib\geronimo-servlet_3.0_spec-1.0.jar) - jar not loaded. See Servlet Spec 2.3, section 9.7.2. Offending class: javax/servlet/Servlet.class
八月 10, 2013 10:02:37 下午 org.apache.cxf.bus.spring.OldSpringSupport logWarning
WARNING: Import of META-INF/cxf/cxf-extension-soap.xml has been deprecated and is unnecessary.
八月 10, 2013 10:02:37 下午 org.apache.cxf.service.factory.ReflectionServiceFactoryBean buildServiceFromClass
INFO: Creating Service {http://sample.ws.microwill.com/}HospitalServiceService from class com.microwill.ws.sample.IHospitalService
八月 10, 2013 10:02:38 下午 org.apache.cxf.endpoint.ServerImpl initDestination
INFO: Setting the server's publish address to be /queryForList
八月 10, 2013 10:02:38 下午 org.apache.cxf.service.factory.ReflectionServiceFactoryBean buildServiceFromWSDL
INFO: Creating Service {http://docs.oasis-open.org/ws-dd/ns/discovery/2009/01}Discovery from WSDL: classpath:/org/apache/cxf/ws/discovery/wsdl/wsdd-discovery-1.1-wsdl-os.wsdl
八月 10, 2013 10:02:39 下午 org.apache.cxf.endpoint.ServerImpl initDestination
INFO: Setting the server's publish address to be soap.udp://239.255.255.250:3702
八月 10, 2013 10:02:39 下午 org.apache.cxf.service.factory.ReflectionServiceFactoryBean buildServiceFromClass
INFO: Creating Service {http://docs.oasis-open.org/ws-dd/ns/discovery/2009/01}DiscoveryProxy from class org.apache.cxf.jaxws.support.DummyImpl
八月 10, 2013 10:02:40 下午 org.apache.coyote.http11.Http11Protocol start
INFO: Starting Coyote HTTP/1.1 on http-8081
八月 10, 2013 10:02:41 下午 org.apache.jk.common.ChannelSocket init
INFO: JK: ajp13 listening on /0.0.0.0:8009
八月 10, 2013 10:02:41 下午 org.apache.jk.server.JkMain start
INFO: Jk running ID=0 time=0/204  config=null
八月 10, 2013 10:02:41 下午 org.apache.catalina.startup.Catalina start
INFO: Server startup in 7340 ms
八月 10, 2013 10:18:20 下午 org.apache.catalina.startup.HostConfig checkResources
INFO: Reloading context [/hospital]
八月 10, 2013 10:18:21 下午 org.apache.catalina.loader.WebappClassLoader clearReferencesThreads
SEVERE: The web application [/hospital] appears to have started a thread named [default-workqueue-1] but has failed to stop it. This is very likely to create a memory leak.
八月 10, 2013 10:18:21 下午 org.apache.catalina.loader.WebappClassLoader clearReferencesThreads
SEVERE: The web application [/hospital] appears to have started a thread named [default-workqueue-2] but has failed to stop it. This is very likely to create a memory leak.
八月 10, 2013 10:18:21 下午 org.apache.catalina.loader.WebappClassLoader clearReferencesThreads
SEVERE: The web application [/hospital] appears to have started a thread named [default-workqueue-3] but has failed to stop it. This is very likely to create a memory leak.
八月 10, 2013 10:18:21 下午 org.apache.catalina.loader.WebappClassLoader clearReferencesThreads
SEVERE: The web application [/hospital] appears to have started a thread named [default-workqueue-4] but has failed to stop it. This is very likely to create a memory leak.
八月 10, 2013 10:18:21 下午 org.apache.catalina.loader.WebappClassLoader clearReferencesThreads
SEVERE: The web application [/hospital] appears to have started a thread named [default-workqueue-5] but has failed to stop it. This is very likely to create a memory leak.
八月 10, 2013 10:18:21 下午 org.apache.catalina.loader.WebappClassLoader clearThreadLocalMap
SEVERE: The web application [/hospital] created a ThreadLocal with key of type [java.lang.ThreadLocal] (value [java.lang.ThreadLocal@710cba]) and a value of type [org.apache.cxf.BusFactory.BusHolder] (value [org.apache.cxf.BusFactory$BusHolder@1fab5b9]) but failed to remove it when the web application was stopped. This is very likely to create a memory leak.
八月 10, 2013 10:18:21 下午 org.apache.catalina.loader.WebappClassLoader clearThreadLocalMap
SEVERE: The web application [/hospital] created a ThreadLocal with key of type [com.sun.xml.bind.v2.ClassFactory$1] (value [com.sun.xml.bind.v2.ClassFactory$1@14a9c27]) and a value of type [java.util.WeakHashMap] (value [{class javax.xml.ws.wsaddressing.W3CEndpointReference$Address=java.lang.ref.WeakReference@151e7fb, class javax.xml.ws.wsaddressing.W3CEndpointReference$Elements=java.lang.ref.WeakReference@5522e1, class javax.xml.bind.annotation.W3CDomHandler=java.lang.ref.WeakReference@164f469, class javax.xml.ws.wsaddressing.W3CEndpointReference=java.lang.ref.WeakReference@ea433e}]) but failed to remove it when the web application was stopped. This is very likely to create a memory leak.
八月 10, 2013 10:18:21 下午 org.apache.catalina.loader.WebappClassLoader clearThreadLocalMap
SEVERE: The web application [/hospital] created a ThreadLocal with key of type [com.sun.xml.bind.v2.ClassFactory$1] (value [com.sun.xml.bind.v2.ClassFactory$1@14a9c27]) and a value of type [java.util.WeakHashMap] (value [{class org.apache.cxf.ws.addressing.AttributedURIType=java.lang.ref.WeakReference@1e4b9a9}]) but failed to remove it when the web application was stopped. This is very likely to create a memory leak.
八月 10, 2013 10:18:21 下午 org.apache.catalina.loader.WebappClassLoader clearThreadLocalMap
SEVERE: The web application [/hospital] created a ThreadLocal with key of type [com.sun.xml.bind.v2.ClassFactory$1] (value [com.sun.xml.bind.v2.ClassFactory$1@14a9c27]) and a value of type [java.util.WeakHashMap] (value [{class org.apache.cxf.ws.discovery.wsdl.ScopesType=java.lang.ref.WeakReference@1593c8f, class javax.xml.ws.wsaddressing.W3CEndpointReference$Address=java.lang.ref.WeakReference@196e477, class javax.xml.ws.wsaddressing.W3CEndpointReference$Elements=java.lang.ref.WeakReference@1716b80, class org.apache.cxf.ws.discovery.wsdl.HelloType=java.lang.ref.WeakReference@148cd59, class java.util.ArrayList=java.lang.ref.WeakReference@a1bad3, class javax.xml.ws.wsaddressing.W3CEndpointReference=java.lang.ref.WeakReference@1f0aa5c}]) but failed to remove it when the web application was stopped. This is very likely to create a memory leak.
八月 10, 2013 10:18:21 下午 org.apache.catalina.loader.WebappClassLoader clearThreadLocalMap
SEVERE: The web application [/hospital] created a ThreadLocal with key of type [com.sun.xml.bind.v2.ClassFactory$1] (value [com.sun.xml.bind.v2.ClassFactory$1@14a9c27]) and a value of type [java.util.WeakHashMap] (value [{class org.apache.cxf.ws.addressing.AttributedURIType=java.lang.ref.WeakReference@140b667}]) but failed to remove it when the web application was stopped. This is very likely to create a memory leak.
八月 10, 2013 10:18:21 下午 org.apache.catalina.loader.WebappClassLoader clearThreadLocalMap
SEVERE: The web application [/hospital] created a ThreadLocal with key of type [com.sun.xml.bind.v2.ClassFactory$1] (value [com.sun.xml.bind.v2.ClassFactory$1@14a9c27]) and a value of type [java.util.WeakHashMap] (value [{class org.apache.cxf.ws.discovery.wsdl.ScopesType=java.lang.ref.WeakReference@1874ee4, class org.apache.cxf.ws.discovery.wsdl.ByeType=java.lang.ref.WeakReference@4c7a4a, class javax.xml.ws.wsaddressing.W3CEndpointReference$Address=java.lang.ref.WeakReference@f0d10d, class javax.xml.ws.wsaddressing.W3CEndpointReference$Elements=java.lang.ref.WeakReference@2cd4f8, class java.util.ArrayList=java.lang.ref.WeakReference@151f855, class javax.xml.ws.wsaddressing.W3CEndpointReference=java.lang.ref.WeakReference@86d3b3}]) but failed to remove it when the web application was stopped. This is very likely to create a memory leak.
八月 10, 2013 10:18:23 下午 org.apache.catalina.loader.WebappClassLoader validateJarFile
INFO: validateJarFile(F:\eric\workspace\proj\quick\WEBCONTENT\WEB-INF\lib\geronimo-servlet_3.0_spec-1.0.jar) - jar not loaded. See Servlet Spec 2.3, section 9.7.2. Offending class: javax/servlet/Servlet.class
八月 10, 2013 10:18:26 下午 org.apache.cxf.bus.spring.OldSpringSupport logWarning
WARNING: Import of META-INF/cxf/cxf-extension-soap.xml has been deprecated and is unnecessary.
八月 10, 2013 10:18:26 下午 org.apache.cxf.service.factory.ReflectionServiceFactoryBean buildServiceFromClass
INFO: Creating Service {http://sample.ws.microwill.com/}HospitalServiceService from class com.microwill.ws.sample.IHospitalService
八月 10, 2013 10:18:27 下午 org.apache.cxf.endpoint.ServerImpl initDestination
INFO: Setting the server's publish address to be /queryForList
八月 10, 2013 10:18:28 下午 org.apache.cxf.service.factory.ReflectionServiceFactoryBean buildServiceFromWSDL
INFO: Creating Service {http://docs.oasis-open.org/ws-dd/ns/discovery/2009/01}Discovery from WSDL: classpath:/org/apache/cxf/ws/discovery/wsdl/wsdd-discovery-1.1-wsdl-os.wsdl
八月 10, 2013 10:18:28 下午 org.apache.cxf.endpoint.ServerImpl initDestination
INFO: Setting the server's publish address to be soap.udp://239.255.255.250:3702
八月 10, 2013 10:18:28 下午 org.apache.cxf.service.factory.ReflectionServiceFactoryBean buildServiceFromClass
INFO: Creating Service {http://docs.oasis-open.org/ws-dd/ns/discovery/2009/01}DiscoveryProxy from class org.apache.cxf.jaxws.support.DummyImpl
八月 10, 2013 10:46:54 下午 org.apache.catalina.startup.Embedded initDirs
SEVERE: Cannot find specified temporary folder at F:\eric\workspace\proj\quick\instance\temp
八月 10, 2013 10:46:54 下午 org.apache.catalina.core.AprLifecycleListener init
INFO: The APR based Apache Tomcat Native library which allows optimal performance in production environments was not found on the java.library.path: C:\jdk\bin;C:\Windows\Sun\Java\bin;C:\Windows\system32;C:\Windows;C:/Program Files/Java/jre6/bin/client;C:/Program Files/Java/jre6/bin;C:/Program Files/Java/jre6/lib/i386;D:\oracle\product\10.2.0\db_1\BIN;C:\Program Files\Common Files\NetSarang;C:\Windows\system32;C:\Windows;C:\Windows\System32\Wbem;C:\Windows\System32\WindowsPowerShell\v1.0\;F:\Windows7Master;C:\Program Files\Common Files\Ulead Systems\MPEG;C:\Program Files\QuickTime\QTSystem\;f:\eric\apache-ant-1.8.4\bin;C:\Program Files\OpenVPN\bin;D:\Program Files\ALTRun;;.
八月 10, 2013 10:46:55 下午 org.apache.coyote.http11.Http11Protocol init
INFO: Initializing Coyote HTTP/1.1 on http-8081
八月 10, 2013 10:46:55 下午 org.apache.catalina.startup.Catalina load
INFO: Initialization processed in 810 ms
八月 10, 2013 10:46:55 下午 org.apache.catalina.core.StandardService start
INFO: Starting service Catalina
八月 10, 2013 10:46:55 下午 org.apache.catalina.core.StandardEngine start
INFO: Starting Servlet Engine: Apache Tomcat/6.0.35
八月 10, 2013 10:46:55 下午 org.apache.catalina.startup.HostConfig deployDescriptor
INFO: Deploying configuration descriptor hospital.xml
八月 10, 2013 10:46:55 下午 org.apache.catalina.loader.WebappClassLoader validateJarFile
INFO: validateJarFile(F:\eric\workspace\proj\quick\WEBCONTENT\WEB-INF\lib\geronimo-servlet_3.0_spec-1.0.jar) - jar not loaded. See Servlet Spec 2.3, section 9.7.2. Offending class: javax/servlet/Servlet.class
八月 10, 2013 10:46:58 下午 org.apache.cxf.bus.spring.OldSpringSupport logWarning
WARNING: Import of META-INF/cxf/cxf-extension-soap.xml has been deprecated and is unnecessary.
八月 10, 2013 10:46:58 下午 org.apache.cxf.service.factory.ReflectionServiceFactoryBean buildServiceFromClass
INFO: Creating Service {http://sample.ws.microwill.com/}HospitalServiceService from class com.microwill.ws.sample.IHospitalService
八月 10, 2013 10:46:59 下午 org.apache.cxf.endpoint.ServerImpl initDestination
INFO: Setting the server's publish address to be /queryForList
八月 10, 2013 10:46:59 下午 org.apache.cxf.service.factory.ReflectionServiceFactoryBean buildServiceFromWSDL
INFO: Creating Service {http://docs.oasis-open.org/ws-dd/ns/discovery/2009/01}Discovery from WSDL: classpath:/org/apache/cxf/ws/discovery/wsdl/wsdd-discovery-1.1-wsdl-os.wsdl
八月 10, 2013 10:47:00 下午 org.apache.cxf.endpoint.ServerImpl initDestination
INFO: Setting the server's publish address to be soap.udp://239.255.255.250:3702
八月 10, 2013 10:47:00 下午 org.apache.cxf.service.factory.ReflectionServiceFactoryBean buildServiceFromClass
INFO: Creating Service {http://docs.oasis-open.org/ws-dd/ns/discovery/2009/01}DiscoveryProxy from class org.apache.cxf.jaxws.support.DummyImpl
八月 10, 2013 10:47:00 下午 org.apache.coyote.http11.Http11Protocol start
INFO: Starting Coyote HTTP/1.1 on http-8081
八月 10, 2013 10:47:00 下午 org.apache.jk.common.ChannelSocket init
INFO: JK: ajp13 listening on /0.0.0.0:8009
八月 10, 2013 10:47:00 下午 org.apache.jk.server.JkMain start
INFO: Jk running ID=0 time=0/131  config=null
八月 10, 2013 10:47:00 下午 org.apache.catalina.startup.Catalina start
INFO: Server startup in 5750 ms
八月 10, 2013 10:47:56 下午 org.apache.catalina.startup.Embedded initDirs
SEVERE: Cannot find specified temporary folder at F:\eric\workspace\proj\quick\instance\temp
八月 10, 2013 10:47:57 下午 org.apache.catalina.core.AprLifecycleListener init
INFO: The APR based Apache Tomcat Native library which allows optimal performance in production environments was not found on the java.library.path: C:\jdk\bin;C:\Windows\Sun\Java\bin;C:\Windows\system32;C:\Windows;C:/Program Files/Java/jre6/bin/client;C:/Program Files/Java/jre6/bin;C:/Program Files/Java/jre6/lib/i386;D:\oracle\product\10.2.0\db_1\BIN;C:\Program Files\Common Files\NetSarang;C:\Windows\system32;C:\Windows;C:\Windows\System32\Wbem;C:\Windows\System32\WindowsPowerShell\v1.0\;F:\Windows7Master;C:\Program Files\Common Files\Ulead Systems\MPEG;C:\Program Files\QuickTime\QTSystem\;f:\eric\apache-ant-1.8.4\bin;C:\Program Files\OpenVPN\bin;D:\Program Files\ALTRun;;.
八月 10, 2013 10:47:57 下午 org.apache.coyote.http11.Http11Protocol init
INFO: Initializing Coyote HTTP/1.1 on http-8081
八月 10, 2013 10:47:57 下午 org.apache.catalina.startup.Catalina load
INFO: Initialization processed in 828 ms
八月 10, 2013 10:47:57 下午 org.apache.catalina.core.StandardService start
INFO: Starting service Catalina
八月 10, 2013 10:47:57 下午 org.apache.catalina.core.StandardEngine start
INFO: Starting Servlet Engine: Apache Tomcat/6.0.35
八月 10, 2013 10:47:57 下午 org.apache.catalina.startup.HostConfig deployDescriptor
INFO: Deploying configuration descriptor hospital.xml
八月 10, 2013 10:47:57 下午 org.apache.catalina.loader.WebappClassLoader validateJarFile
INFO: validateJarFile(F:\eric\workspace\proj\quick\WEBCONTENT\WEB-INF\lib\geronimo-servlet_3.0_spec-1.0.jar) - jar not loaded. See Servlet Spec 2.3, section 9.7.2. Offending class: javax/servlet/Servlet.class
八月 10, 2013 10:48:00 下午 org.apache.cxf.bus.spring.OldSpringSupport logWarning
WARNING: Import of META-INF/cxf/cxf-extension-soap.xml has been deprecated and is unnecessary.
八月 10, 2013 10:48:00 下午 org.apache.cxf.service.factory.ReflectionServiceFactoryBean buildServiceFromClass
INFO: Creating Service {http://sample.ws.microwill.com/}HospitalServiceService from class com.microwill.ws.sample.IHospitalService
八月 10, 2013 10:48:01 下午 org.apache.cxf.endpoint.ServerImpl initDestination
INFO: Setting the server's publish address to be /queryForList
八月 10, 2013 10:48:02 下午 org.apache.cxf.service.factory.ReflectionServiceFactoryBean buildServiceFromWSDL
INFO: Creating Service {http://docs.oasis-open.org/ws-dd/ns/discovery/2009/01}Discovery from WSDL: classpath:/org/apache/cxf/ws/discovery/wsdl/wsdd-discovery-1.1-wsdl-os.wsdl
八月 10, 2013 10:48:02 下午 org.apache.cxf.endpoint.ServerImpl initDestination
INFO: Setting the server's publish address to be soap.udp://239.255.255.250:3702
八月 10, 2013 10:48:02 下午 org.apache.cxf.service.factory.ReflectionServiceFactoryBean buildServiceFromClass
INFO: Creating Service {http://docs.oasis-open.org/ws-dd/ns/discovery/2009/01}DiscoveryProxy from class org.apache.cxf.jaxws.support.DummyImpl
八月 10, 2013 10:48:03 下午 org.apache.coyote.http11.Http11Protocol start
INFO: Starting Coyote HTTP/1.1 on http-8081
八月 10, 2013 10:48:03 下午 org.apache.jk.common.ChannelSocket init
INFO: JK: ajp13 listening on /0.0.0.0:8009
八月 10, 2013 10:48:03 下午 org.apache.jk.server.JkMain start
INFO: Jk running ID=0 time=0/115  config=null
八月 10, 2013 10:48:03 下午 org.apache.catalina.startup.Catalina start
INFO: Server startup in 5763 ms
八月 10, 2013 10:58:01 下午 org.apache.catalina.startup.Embedded initDirs
SEVERE: Cannot find specified temporary folder at F:\eric\workspace\proj\quick\instance\temp
八月 10, 2013 10:58:01 下午 org.apache.catalina.core.AprLifecycleListener init
INFO: The APR based Apache Tomcat Native library which allows optimal performance in production environments was not found on the java.library.path: C:\jdk\bin;C:\Windows\Sun\Java\bin;C:\Windows\system32;C:\Windows;C:/Program Files/Java/jre6/bin/client;C:/Program Files/Java/jre6/bin;C:/Program Files/Java/jre6/lib/i386;D:\oracle\product\10.2.0\db_1\BIN;C:\Program Files\Common Files\NetSarang;C:\Windows\system32;C:\Windows;C:\Windows\System32\Wbem;C:\Windows\System32\WindowsPowerShell\v1.0\;F:\Windows7Master;C:\Program Files\Common Files\Ulead Systems\MPEG;C:\Program Files\QuickTime\QTSystem\;f:\eric\apache-ant-1.8.4\bin;C:\Program Files\OpenVPN\bin;D:\Program Files\ALTRun;;.
八月 10, 2013 10:58:02 下午 org.apache.coyote.http11.Http11Protocol init
INFO: Initializing Coyote HTTP/1.1 on http-8081
八月 10, 2013 10:58:02 下午 org.apache.catalina.startup.Catalina load
INFO: Initialization processed in 712 ms
八月 10, 2013 10:58:09 下午 org.apache.catalina.startup.Embedded initDirs
SEVERE: Cannot find specified temporary folder at F:\eric\workspace\proj\quick\instance\temp
八月 10, 2013 10:58:09 下午 org.apache.catalina.core.AprLifecycleListener init
INFO: The APR based Apache Tomcat Native library which allows optimal performance in production environments was not found on the java.library.path: C:\jdk\bin;C:\Windows\Sun\Java\bin;C:\Windows\system32;C:\Windows;C:/Program Files/Java/jre6/bin/client;C:/Program Files/Java/jre6/bin;C:/Program Files/Java/jre6/lib/i386;D:\oracle\product\10.2.0\db_1\BIN;C:\Program Files\Common Files\NetSarang;C:\Windows\system32;C:\Windows;C:\Windows\System32\Wbem;C:\Windows\System32\WindowsPowerShell\v1.0\;F:\Windows7Master;C:\Program Files\Common Files\Ulead Systems\MPEG;C:\Program Files\QuickTime\QTSystem\;f:\eric\apache-ant-1.8.4\bin;C:\Program Files\OpenVPN\bin;D:\Program Files\ALTRun;;.
八月 10, 2013 10:58:10 下午 org.apache.coyote.http11.Http11Protocol init
INFO: Initializing Coyote HTTP/1.1 on http-8081
八月 10, 2013 10:58:10 下午 org.apache.catalina.startup.Catalina load
INFO: Initialization processed in 863 ms
八月 10, 2013 10:58:10 下午 org.apache.catalina.core.StandardService start
INFO: Starting service Catalina
八月 10, 2013 10:58:10 下午 org.apache.catalina.core.StandardEngine start
INFO: Starting Servlet Engine: Apache Tomcat/6.0.35
八月 10, 2013 10:58:10 下午 org.apache.catalina.startup.HostConfig deployDescriptor
INFO: Deploying configuration descriptor hospital.xml
八月 10, 2013 10:58:10 下午 org.apache.catalina.loader.WebappClassLoader validateJarFile
INFO: validateJarFile(F:\eric\workspace\proj\quick\WEBCONTENT\WEB-INF\lib\geronimo-servlet_3.0_spec-1.0.jar) - jar not loaded. See Servlet Spec 2.3, section 9.7.2. Offending class: javax/servlet/Servlet.class
八月 10, 2013 10:58:14 下午 org.apache.cxf.bus.spring.OldSpringSupport logWarning
WARNING: Import of META-INF/cxf/cxf-extension-soap.xml has been deprecated and is unnecessary.
八月 10, 2013 10:58:14 下午 org.apache.cxf.service.factory.ReflectionServiceFactoryBean buildServiceFromClass
INFO: Creating Service {http://sample.ws.microwill.com/}HospitalServiceService from class com.microwill.ws.sample.IHospitalService
八月 10, 2013 10:58:15 下午 org.apache.cxf.endpoint.ServerImpl initDestination
INFO: Setting the server's publish address to be /queryForList
八月 10, 2013 10:58:15 下午 org.apache.cxf.service.factory.ReflectionServiceFactoryBean buildServiceFromWSDL
INFO: Creating Service {http://docs.oasis-open.org/ws-dd/ns/discovery/2009/01}Discovery from WSDL: classpath:/org/apache/cxf/ws/discovery/wsdl/wsdd-discovery-1.1-wsdl-os.wsdl
八月 10, 2013 10:58:15 下午 org.apache.cxf.endpoint.ServerImpl initDestination
INFO: Setting the server's publish address to be soap.udp://239.255.255.250:3702
八月 10, 2013 10:58:16 下午 org.apache.cxf.service.factory.ReflectionServiceFactoryBean buildServiceFromClass
INFO: Creating Service {http://docs.oasis-open.org/ws-dd/ns/discovery/2009/01}DiscoveryProxy from class org.apache.cxf.jaxws.support.DummyImpl
八月 10, 2013 10:58:16 下午 org.apache.coyote.http11.Http11Protocol start
INFO: Starting Coyote HTTP/1.1 on http-8081
八月 10, 2013 10:58:16 下午 org.apache.jk.common.ChannelSocket init
INFO: JK: ajp13 listening on /0.0.0.0:8009
八月 10, 2013 10:58:16 下午 org.apache.jk.server.JkMain start
INFO: Jk running ID=0 time=0/117  config=null
八月 10, 2013 10:58:16 下午 org.apache.catalina.startup.Catalina start
INFO: Server startup in 6484 ms
八月 10, 2013 11:12:53 下午 org.apache.catalina.startup.Embedded initDirs
SEVERE: Cannot find specified temporary folder at F:\eric\workspace\proj\quick\instance\temp
八月 10, 2013 11:12:53 下午 org.apache.catalina.core.AprLifecycleListener init
INFO: The APR based Apache Tomcat Native library which allows optimal performance in production environments was not found on the java.library.path: C:\jdk\bin;C:\Windows\Sun\Java\bin;C:\Windows\system32;C:\Windows;C:/Program Files/Java/jre6/bin/client;C:/Program Files/Java/jre6/bin;C:/Program Files/Java/jre6/lib/i386;D:\oracle\product\10.2.0\db_1\BIN;C:\Program Files\Common Files\NetSarang;C:\Windows\system32;C:\Windows;C:\Windows\System32\Wbem;C:\Windows\System32\WindowsPowerShell\v1.0\;F:\Windows7Master;C:\Program Files\Common Files\Ulead Systems\MPEG;C:\Program Files\QuickTime\QTSystem\;f:\eric\apache-ant-1.8.4\bin;C:\Program Files\OpenVPN\bin;D:\Program Files\ALTRun;;.
八月 10, 2013 11:12:53 下午 org.apache.coyote.http11.Http11Protocol init
INFO: Initializing Coyote HTTP/1.1 on http-8081
八月 10, 2013 11:12:53 下午 org.apache.catalina.startup.Catalina load
INFO: Initialization processed in 813 ms
八月 10, 2013 11:12:54 下午 org.apache.catalina.core.StandardService start
INFO: Starting service Catalina
八月 10, 2013 11:12:54 下午 org.apache.catalina.core.StandardEngine start
INFO: Starting Servlet Engine: Apache Tomcat/6.0.35
八月 10, 2013 11:12:54 下午 org.apache.catalina.startup.HostConfig deployDescriptor
INFO: Deploying configuration descriptor hospital.xml
八月 10, 2013 11:12:54 下午 org.apache.catalina.loader.WebappClassLoader validateJarFile
INFO: validateJarFile(F:\eric\workspace\proj\quick\WEBCONTENT\WEB-INF\lib\geronimo-servlet_3.0_spec-1.0.jar) - jar not loaded. See Servlet Spec 2.3, section 9.7.2. Offending class: javax/servlet/Servlet.class
八月 10, 2013 11:12:58 下午 org.apache.cxf.bus.spring.OldSpringSupport logWarning
WARNING: Import of META-INF/cxf/cxf-extension-soap.xml has been deprecated and is unnecessary.
八月 10, 2013 11:12:58 下午 org.apache.cxf.service.factory.ReflectionServiceFactoryBean buildServiceFromClass
INFO: Creating Service {http://sample.ws.microwill.com/}HospitalServiceService from class com.microwill.ws.sample.IHospitalService
八月 10, 2013 11:12:59 下午 org.apache.cxf.endpoint.ServerImpl initDestination
INFO: Setting the server's publish address to be /queryForList
八月 10, 2013 11:12:59 下午 org.apache.cxf.service.factory.ReflectionServiceFactoryBean buildServiceFromWSDL
INFO: Creating Service {http://docs.oasis-open.org/ws-dd/ns/discovery/2009/01}Discovery from WSDL: classpath:/org/apache/cxf/ws/discovery/wsdl/wsdd-discovery-1.1-wsdl-os.wsdl
八月 10, 2013 11:13:00 下午 org.apache.cxf.endpoint.ServerImpl initDestination
INFO: Setting the server's publish address to be soap.udp://239.255.255.250:3702
八月 10, 2013 11:13:00 下午 org.apache.cxf.service.factory.ReflectionServiceFactoryBean buildServiceFromClass
INFO: Creating Service {http://docs.oasis-open.org/ws-dd/ns/discovery/2009/01}DiscoveryProxy from class org.apache.cxf.jaxws.support.DummyImpl
八月 10, 2013 11:13:00 下午 org.apache.coyote.http11.Http11Protocol start
INFO: Starting Coyote HTTP/1.1 on http-8081
八月 10, 2013 11:13:01 下午 org.apache.jk.common.ChannelSocket init
INFO: JK: ajp13 listening on /0.0.0.0:8009
八月 10, 2013 11:13:01 下午 org.apache.jk.server.JkMain start
INFO: Jk running ID=0 time=0/118  config=null
八月 10, 2013 11:13:01 下午 org.apache.catalina.startup.Catalina start
INFO: Server startup in 7164 ms
八月 10, 2013 11:17:22 下午 org.apache.catalina.startup.Embedded initDirs
SEVERE: Cannot find specified temporary folder at F:\eric\workspace\proj\quick\instance\temp
八月 10, 2013 11:17:23 下午 org.apache.catalina.core.AprLifecycleListener init
INFO: The APR based Apache Tomcat Native library which allows optimal performance in production environments was not found on the java.library.path: C:\jdk\bin;C:\Windows\Sun\Java\bin;C:\Windows\system32;C:\Windows;C:/Program Files/Java/jre6/bin/client;C:/Program Files/Java/jre6/bin;C:/Program Files/Java/jre6/lib/i386;D:\oracle\product\10.2.0\db_1\BIN;C:\Program Files\Common Files\NetSarang;C:\Windows\system32;C:\Windows;C:\Windows\System32\Wbem;C:\Windows\System32\WindowsPowerShell\v1.0\;F:\Windows7Master;C:\Program Files\Common Files\Ulead Systems\MPEG;C:\Program Files\QuickTime\QTSystem\;f:\eric\apache-ant-1.8.4\bin;C:\Program Files\OpenVPN\bin;D:\Program Files\ALTRun;;.
八月 10, 2013 11:17:23 下午 org.apache.coyote.http11.Http11Protocol init
INFO: Initializing Coyote HTTP/1.1 on http-8081
八月 10, 2013 11:17:23 下午 org.apache.catalina.startup.Catalina load
INFO: Initialization processed in 740 ms
八月 10, 2013 11:17:23 下午 org.apache.catalina.core.StandardService start
INFO: Starting service Catalina
八月 10, 2013 11:17:23 下午 org.apache.catalina.core.StandardEngine start
INFO: Starting Servlet Engine: Apache Tomcat/6.0.35
八月 10, 2013 11:17:23 下午 org.apache.catalina.startup.HostConfig deployDescriptor
INFO: Deploying configuration descriptor hospital.xml
八月 10, 2013 11:17:23 下午 org.apache.catalina.loader.WebappClassLoader validateJarFile
INFO: validateJarFile(F:\eric\workspace\proj\quick\WEBCONTENT\WEB-INF\lib\geronimo-servlet_3.0_spec-1.0.jar) - jar not loaded. See Servlet Spec 2.3, section 9.7.2. Offending class: javax/servlet/Servlet.class
八月 10, 2013 11:17:26 下午 org.apache.cxf.bus.spring.OldSpringSupport logWarning
WARNING: Import of META-INF/cxf/cxf-extension-soap.xml has been deprecated and is unnecessary.
八月 10, 2013 11:17:26 下午 org.apache.cxf.service.factory.ReflectionServiceFactoryBean buildServiceFromClass
INFO: Creating Service {http://sample.ws.microwill.com/}HospitalServiceService from class com.microwill.ws.sample.IHospitalService
八月 10, 2013 11:17:27 下午 org.apache.cxf.endpoint.ServerImpl initDestination
INFO: Setting the server's publish address to be /queryForList
八月 10, 2013 11:17:28 下午 org.apache.cxf.service.factory.ReflectionServiceFactoryBean buildServiceFromWSDL
INFO: Creating Service {http://docs.oasis-open.org/ws-dd/ns/discovery/2009/01}Discovery from WSDL: classpath:/org/apache/cxf/ws/discovery/wsdl/wsdd-discovery-1.1-wsdl-os.wsdl
八月 10, 2013 11:17:28 下午 org.apache.cxf.endpoint.ServerImpl initDestination
INFO: Setting the server's publish address to be soap.udp://239.255.255.250:3702
八月 10, 2013 11:17:28 下午 org.apache.cxf.service.factory.ReflectionServiceFactoryBean buildServiceFromClass
INFO: Creating Service {http://docs.oasis-open.org/ws-dd/ns/discovery/2009/01}DiscoveryProxy from class org.apache.cxf.jaxws.support.DummyImpl
八月 10, 2013 11:17:30 下午 org.apache.coyote.http11.Http11Protocol start
INFO: Starting Coyote HTTP/1.1 on http-8081
八月 10, 2013 11:17:30 下午 org.apache.jk.common.ChannelSocket init
INFO: JK: ajp13 listening on /0.0.0.0:8009
八月 10, 2013 11:17:30 下午 org.apache.jk.server.JkMain start
INFO: Jk running ID=0 time=0/117  config=null
八月 10, 2013 11:17:30 下午 org.apache.catalina.startup.Catalina start
INFO: Server startup in 6622 ms
八月 10, 2013 11:26:47 下午 org.apache.catalina.startup.Embedded initDirs
SEVERE: Cannot find specified temporary folder at F:\eric\workspace\proj\quick\instance\temp
八月 10, 2013 11:26:48 下午 org.apache.catalina.core.AprLifecycleListener init
INFO: The APR based Apache Tomcat Native library which allows optimal performance in production environments was not found on the java.library.path: C:\jdk\bin;C:\Windows\Sun\Java\bin;C:\Windows\system32;C:\Windows;C:/Program Files/Java/jre6/bin/client;C:/Program Files/Java/jre6/bin;C:/Program Files/Java/jre6/lib/i386;D:\oracle\product\10.2.0\db_1\BIN;C:\Program Files\Common Files\NetSarang;C:\Windows\system32;C:\Windows;C:\Windows\System32\Wbem;C:\Windows\System32\WindowsPowerShell\v1.0\;F:\Windows7Master;C:\Program Files\Common Files\Ulead Systems\MPEG;C:\Program Files\QuickTime\QTSystem\;f:\eric\apache-ant-1.8.4\bin;C:\Program Files\OpenVPN\bin;D:\Program Files\ALTRun;;.
八月 10, 2013 11:26:48 下午 org.apache.coyote.http11.Http11Protocol init
INFO: Initializing Coyote HTTP/1.1 on http-8081
八月 10, 2013 11:26:48 下午 org.apache.catalina.startup.Catalina load
INFO: Initialization processed in 855 ms
八月 10, 2013 11:26:48 下午 org.apache.catalina.core.StandardService start
INFO: Starting service Catalina
八月 10, 2013 11:26:48 下午 org.apache.catalina.core.StandardEngine start
INFO: Starting Servlet Engine: Apache Tomcat/6.0.35
八月 10, 2013 11:26:48 下午 org.apache.catalina.startup.HostConfig deployDescriptor
INFO: Deploying configuration descriptor hospital.xml
八月 10, 2013 11:26:48 下午 org.apache.catalina.loader.WebappClassLoader validateJarFile
INFO: validateJarFile(F:\eric\workspace\proj\quick\WEBCONTENT\WEB-INF\lib\geronimo-servlet_3.0_spec-1.0.jar) - jar not loaded. See Servlet Spec 2.3, section 9.7.2. Offending class: javax/servlet/Servlet.class
八月 10, 2013 11:26:51 下午 org.apache.cxf.bus.spring.OldSpringSupport logWarning
WARNING: Import of META-INF/cxf/cxf-extension-soap.xml has been deprecated and is unnecessary.
八月 10, 2013 11:26:51 下午 org.apache.cxf.service.factory.ReflectionServiceFactoryBean buildServiceFromClass
INFO: Creating Service {http://sample.ws.microwill.com/}HospitalServiceService from class com.microwill.ws.sample.IHospitalService
八月 10, 2013 11:26:52 下午 org.apache.cxf.endpoint.ServerImpl initDestination
INFO: Setting the server's publish address to be /queryForList
八月 10, 2013 11:26:53 下午 org.apache.cxf.service.factory.ReflectionServiceFactoryBean buildServiceFromWSDL
INFO: Creating Service {http://docs.oasis-open.org/ws-dd/ns/discovery/2009/01}Discovery from WSDL: classpath:/org/apache/cxf/ws/discovery/wsdl/wsdd-discovery-1.1-wsdl-os.wsdl
八月 10, 2013 11:26:53 下午 org.apache.cxf.endpoint.ServerImpl initDestination
INFO: Setting the server's publish address to be soap.udp://239.255.255.250:3702
八月 10, 2013 11:26:53 下午 org.apache.cxf.service.factory.ReflectionServiceFactoryBean buildServiceFromClass
INFO: Creating Service {http://docs.oasis-open.org/ws-dd/ns/discovery/2009/01}DiscoveryProxy from class org.apache.cxf.jaxws.support.DummyImpl
八月 10, 2013 11:26:54 下午 org.apache.coyote.http11.Http11Protocol start
INFO: Starting Coyote HTTP/1.1 on http-8081
八月 10, 2013 11:26:54 下午 org.apache.jk.common.ChannelSocket init
INFO: JK: ajp13 listening on /0.0.0.0:8009
八月 10, 2013 11:26:54 下午 org.apache.jk.server.JkMain start
INFO: Jk running ID=0 time=0/188  config=null
八月 10, 2013 11:26:54 下午 org.apache.catalina.startup.Catalina start
INFO: Server startup in 6403 ms
八月 10, 2013 11:27:23 下午 org.apache.tomcat.util.http.Parameters processParameters
INFO: Invalid chunk starting at byte [0] and ending at byte [0] with a value of [null] ignored
八月 10, 2013 11:27:29 下午 org.apache.tomcat.util.http.Parameters processParameters
INFO: Invalid chunk starting at byte [0] and ending at byte [0] with a value of [null] ignored
八月 10, 2013 11:27:31 下午 org.apache.tomcat.util.http.Parameters processParameters
INFO: Invalid chunk starting at byte [0] and ending at byte [0] with a value of [null] ignored
八月 10, 2013 11:27:33 下午 org.apache.tomcat.util.http.Parameters processParameters
INFO: Invalid chunk starting at byte [0] and ending at byte [0] with a value of [null] ignored
